0 info it worked if it ends with ok
1 verbose cli [ '/Users/sebas/.nvm/versions/node/v5.10.0/bin/node',
1 verbose cli   '/Users/sebas/.nvm/versions/node/v5.10.0/bin/npm',
1 verbose cli   'run',
1 verbose cli   'start-dev' ]
2 info using npm@3.8.3
3 info using node@v5.10.0
4 verbose run-script [ 'prestart-dev', 'start-dev', 'poststart-dev' ]
5 info lifecycle redux-todomvc-example@0.0.0~prestart-dev: redux-todomvc-example@0.0.0
6 silly lifecycle redux-todomvc-example@0.0.0~prestart-dev: no script for prestart-dev, continuing
7 info lifecycle redux-todomvc-example@0.0.0~start-dev: redux-todomvc-example@0.0.0
8 verbose lifecycle redux-todomvc-example@0.0.0~start-dev: unsafe-perm in lifecycle true
9 verbose lifecycle redux-todomvc-example@0.0.0~start-dev: PATH: /Users/sebas/.nvm/versions/node/v5.10.0/lib/node_modules/npm/bin/node-gyp-bin:/Users/sebas/Virtual/projects/redux-boot-todomvc/node_modules/.bin:/Users/sebas/.nvm/versions/node/v5.10.0/bin:/Users/sebas/.platformsh/bin:/Users/sebas/.nvm/versions/node/v5.10.0/bin:/usr/local/bin:/usr/bin:/bin:/usr/sbin:/sbin:/Users/sebas/.docker-stack/cli
10 verbose lifecycle redux-todomvc-example@0.0.0~start-dev: CWD: /Users/sebas/Virtual/projects/redux-boot-todomvc
11 silly lifecycle redux-todomvc-example@0.0.0~start-dev: Args: [ '-c', 'node bin/server.babel.js' ]
12 silly lifecycle redux-todomvc-example@0.0.0~start-dev: Returned: code: 1  signal: null
13 info lifecycle redux-todomvc-example@0.0.0~start-dev: Failed to exec start-dev script
14 verbose stack Error: redux-todomvc-example@0.0.0 start-dev: `node bin/server.babel.js`
14 verbose stack Exit status 1
14 verbose stack     at EventEmitter.<anonymous> (/Users/sebas/.nvm/versions/node/v5.10.0/lib/node_modules/npm/lib/utils/lifecycle.js:239:16)
14 verbose stack     at emitTwo (events.js:100:13)
14 verbose stack     at EventEmitter.emit (events.js:185:7)
14 verbose stack     at ChildProcess.<anonymous> (/Users/sebas/.nvm/versions/node/v5.10.0/lib/node_modules/npm/lib/utils/spawn.js:24:14)
14 verbose stack     at emitTwo (events.js:100:13)
14 verbose stack     at ChildProcess.emit (events.js:185:7)
14 verbose stack     at maybeClose (internal/child_process.js:850:16)
14 verbose stack     at Process.ChildProcess._handle.onexit (internal/child_process.js:215:5)
15 verbose pkgid redux-todomvc-example@0.0.0
16 verbose cwd /Users/sebas/Virtual/projects/redux-boot-todomvc
17 error Darwin 14.5.0
18 error argv "/Users/sebas/.nvm/versions/node/v5.10.0/bin/node" "/Users/sebas/.nvm/versions/node/v5.10.0/bin/npm" "run" "start-dev"
19 error node v5.10.0
20 error npm  v3.8.3
21 error code ELIFECYCLE
22 error redux-todomvc-example@0.0.0 start-dev: `node bin/server.babel.js`
22 error Exit status 1
23 error Failed at the redux-todomvc-example@0.0.0 start-dev script 'node bin/server.babel.js'.
23 error Make sure you have the latest version of node.js and npm installed.
23 error If you do, this is most likely a problem with the redux-todomvc-example package,
23 error not with npm itself.
23 error Tell the author that this fails on your system:
23 error     node bin/server.babel.js
23 error You can get information on how to open an issue for this project with:
23 error     npm bugs redux-todomvc-example
23 error Or if that isn't available, you can get their info via:
23 error     npm owner ls redux-todomvc-example
23 error There is likely additional logging output above.
24 verbose exit [ 1, true ]
